<?xml version="1.0" encoding="UTF-8"?>
<!-- Generated by org.testng.reporters.JUnitReportReporter -->
<testsuite skipped="0" hostname="LAPTOP-QMQ0VG44" name="com.Practice.NewTest" tests="1" failures="0" timestamp="01 Nov 2020 09:54:49 GMT" time="67.306" errors="0">
  <testcase name="testEasy" time="67.306" classname="com.Practice.NewTest"/>
</testsuite> <!-- com.Practice.NewTest -->
